[debug] [2024-08-07T14:08:02.917Z] ----------------------------------------------------------------------
[debug] [2024-08-07T14:08:02.918Z] Command:       /usr/bin/node /usr/bin/firebase init
[debug] [2024-08-07T14:08:02.918Z] CLI Version:   13.15.0
[debug] [2024-08-07T14:08:02.919Z] Platform:      linux
[debug] [2024-08-07T14:08:02.919Z] Node Version:  v18.17.1
[debug] [2024-08-07T14:08:02.919Z] Time:          Wed Aug 07 2024 19:38:02 GMT+0530 (India Standard Time)
[debug] [2024-08-07T14:08:02.919Z] ----------------------------------------------------------------------
[debug] 
[debug] [2024-08-07T14:08:02.922Z] > command requires scopes: ["email","openid","https://www.googleapis.com/auth/cloudplatformprojects.readonly","https://www.googleapis.com/auth/firebase","https://www.googleapis.com/auth/cloud-platform"]
[debug] [2024-08-07T14:08:02.923Z] > authorizing via signed-in user (patelakshay43751@gmail.com)
[info] 
     ######## #### ########  ######## ########     ###     ######  ########
     ##        ##  ##     ## ##       ##     ##  ##   ##  ##       ##
     ######    ##  ########  ######   ########  #########  ######  ######
     ##        ##  ##    ##  ##       ##     ## ##     ##       ## ##
     ##       #### ##     ## ######## ########  ##     ##  ######  ########

You're about to initialize a Firebase project in this directory:

  /home/akshay/Akshay/PWA/native-device-faeatures

[info] 
=== Project Setup
[info] 
[info] First, let's associate this project directory with a Firebase project.
[info] You can create multiple project aliases by running firebase use --add, 
[info] but for now we'll just set up a default project.
[info] 
[debug] [2024-08-07T14:08:18.430Z] > refreshing access token with scopes: []
[debug] [2024-08-07T14:08:18.434Z] >>> [apiv2][query] POST https://www.googleapis.com/oauth2/v3/token [none]
[debug] [2024-08-07T14:08:18.435Z] >>> [apiv2][body] POST https://www.googleapis.com/oauth2/v3/token [omitted]
[debug] [2024-08-07T14:08:23.901Z] <<< [apiv2][status] POST https://www.googleapis.com/oauth2/v3/token 200
[debug] [2024-08-07T14:08:23.902Z] <<< [apiv2][body] POST https://www.googleapis.com/oauth2/v3/token [omitted]
[debug] [2024-08-07T14:08:23.915Z] >>> [apiv2][query] GET https://firebase.googleapis.com/v1beta1/projects pageSize=100
[debug] [2024-08-07T14:08:29.831Z] <<< [apiv2][status] GET https://firebase.googleapis.com/v1beta1/projects 200
[debug] [2024-08-07T14:08:29.831Z] <<< [apiv2][body] GET https://firebase.googleapis.com/v1beta1/projects [omitted]
[info] i  Using project pwagram-b89fc (pwagram) 
[info] 
=== Functions Setup
[debug] [2024-08-07T14:08:35.274Z] > command requires scopes: ["email","openid","https://www.googleapis.com/auth/cloudplatformprojects.readonly","https://www.googleapis.com/auth/firebase","https://www.googleapis.com/auth/cloud-platform"]
[debug] [2024-08-07T14:08:35.276Z] > authorizing via signed-in user (patelakshay43751@gmail.com)
[debug] [2024-08-07T14:08:35.276Z] [iam] checking project pwagram-b89fc for permissions ["firebase.projects.get"]
[debug] [2024-08-07T14:08:35.277Z] >>> [apiv2][query] POST https://cloudresourcemanager.googleapis.com/v1/projects/pwagram-b89fc:testIamPermissions [none]
[debug] [2024-08-07T14:08:35.278Z] >>> [apiv2][(partial)header] POST https://cloudresourcemanager.googleapis.com/v1/projects/pwagram-b89fc:testIamPermissions x-goog-quota-user=projects/pwagram-b89fc
[debug] [2024-08-07T14:08:35.278Z] >>> [apiv2][body] POST https://cloudresourcemanager.googleapis.com/v1/projects/pwagram-b89fc:testIamPermissions {"permissions":["firebase.projects.get"]}
[debug] [2024-08-07T14:08:40.887Z] <<< [apiv2][status] POST https://cloudresourcemanager.googleapis.com/v1/projects/pwagram-b89fc:testIamPermissions 200
[debug] [2024-08-07T14:08:40.887Z] <<< [apiv2][body] POST https://cloudresourcemanager.googleapis.com/v1/projects/pwagram-b89fc:testIamPermissions {"permissions":["firebase.projects.get"]}
[debug] [2024-08-07T14:08:40.887Z] >>> [apiv2][query] GET https://serviceusage.googleapis.com/v1/projects/pwagram-b89fc/services/cloudfunctions.googleapis.com [none]
[debug] [2024-08-07T14:08:40.888Z] >>> [apiv2][(partial)header] GET https://serviceusage.googleapis.com/v1/projects/pwagram-b89fc/services/cloudfunctions.googleapis.com x-goog-quota-user=projects/pwagram-b89fc
[debug] [2024-08-07T14:08:40.889Z] >>> [apiv2][query] GET https://serviceusage.googleapis.com/v1/projects/pwagram-b89fc/services/runtimeconfig.googleapis.com [none]
[debug] [2024-08-07T14:08:40.889Z] >>> [apiv2][(partial)header] GET https://serviceusage.googleapis.com/v1/projects/pwagram-b89fc/services/runtimeconfig.googleapis.com x-goog-quota-user=projects/pwagram-b89fc
[debug] [2024-08-07T14:08:47.824Z] <<< [apiv2][status] GET https://serviceusage.googleapis.com/v1/projects/pwagram-b89fc/services/cloudfunctions.googleapis.com 200
[debug] [2024-08-07T14:08:47.824Z] <<< [apiv2][body] GET https://serviceusage.googleapis.com/v1/projects/pwagram-b89fc/services/cloudfunctions.googleapis.com [omitted]
[debug] [2024-08-07T14:08:48.159Z] <<< [apiv2][status] GET https://serviceusage.googleapis.com/v1/projects/pwagram-b89fc/services/runtimeconfig.googleapis.com 200
[debug] [2024-08-07T14:08:48.159Z] <<< [apiv2][body] GET https://serviceusage.googleapis.com/v1/projects/pwagram-b89fc/services/runtimeconfig.googleapis.com [omitted]
[info] Let's create a new codebase for your functions.
[info] A directory corresponding to the codebase will be created in your project
[info] with sample code pre-configured.

[info] See https://firebase.google.com/docs/functions/organize-functions for
[info] more information on organizing your functions using codebases.

[info] Functions can be deployed with firebase deploy.

[info] ✔  Wrote functions/package.json 
[info] ✔  Wrote functions/index.js 
[info] ✔  Wrote functions/.gitignore 
[info] 
=== Hosting Setup
[debug] [2024-08-07T14:10:06.290Z] >>> [apiv2][query] GET https://firebase.googleapis.com/v1beta1/projects/pwagram-b89fc [none]
[debug] [2024-08-07T14:10:11.926Z] <<< [apiv2][status] GET https://firebase.googleapis.com/v1beta1/projects/pwagram-b89fc 200
[debug] [2024-08-07T14:10:11.927Z] <<< [apiv2][body] GET https://firebase.googleapis.com/v1beta1/projects/pwagram-b89fc {"projectId":"pwagram-b89fc","projectNumber":"939483780205","displayName":"pwagram","name":"projects/pwagram-b89fc","resources":{"hostingSite":"pwagram-b89fc","realtimeDatabaseInstance":"pwagram-b89fc-default-rtdb","storageBucket":"pwagram-b89fc.appspot.com","locationId":"us-central"},"state":"ACTIVE","etag":"1_020e10fd-d8ea-436a-aeed-9068cabb252c"}
[info] 
[info] Your public directory is the folder (relative to your project directory) that
[info] will contain Hosting assets to be uploaded with firebase deploy. If you
[info] have a build process for your assets, use your build's output directory.
[info] 
[info] ✔  Wrote public/404.html 
[debug] [2024-08-07T14:10:31.793Z] >>> [apiv2][query] GET https://www.gstatic.com/firebasejs/releases.json [none]
[debug] [2024-08-07T14:10:37.005Z] <<< [apiv2][status] GET https://www.gstatic.com/firebasejs/releases.json 200
[debug] [2024-08-07T14:10:37.006Z] <<< [apiv2][body] GET https://www.gstatic.com/firebasejs/releases.json {"current":{"version":"10.12.5","browserURL":"https://www.gstatic.com/firebasejs/10.12.5/firebase.js","packageURL":"https://www.gstatic.com/firebasejs/10.12.5/firebase.tgz"},"live":{"version":"10.12","browserURL":"https://www.gstatic.com/firebasejs/live/10.12/firebase.js","packageURL":"https://www.gstatic.com/firebasejs/live/10.12/firebase.tgz"},"components":{"analytics":"https://www.gstatic.com/firebasejs/10.12.5/firebase-analytics.js","app":"https://www.gstatic.com/firebasejs/10.12.5/firebase-app.js","app-check":"https://www.gstatic.com/firebasejs/10.12.5/firebase-app-check.js","auth":"https://www.gstatic.com/firebasejs/10.12.5/firebase-auth.js","auth/cordova":"https://www.gstatic.com/firebasejs/10.12.5/firebase-auth/cordova.js","auth/web-extension":"https://www.gstatic.com/firebasejs/10.12.5/firebase-auth/web-extension.js","functions":"https://www.gstatic.com/firebasejs/10.12.5/firebase-functions.js","firestore":"https://www.gstatic.com/firebasejs/10.12.5/firebase-firestore.js","firestore/lite":"https://www.gstatic.com/firebasejs/10.12.5/firebase-firestore/lite.js","installations":"https://www.gstatic.com/firebasejs/10.12.5/firebase-installations.js","storage":"https://www.gstatic.com/firebasejs/10.12.5/firebase-storage.js","performance":"https://www.gstatic.com/firebasejs/10.12.5/firebase-performance.js","remote-config":"https://www.gstatic.com/firebasejs/10.12.5/firebase-remote-config.js","messaging":"https://www.gstatic.com/firebasejs/10.12.5/firebase-messaging.js","messaging/sw":"https://www.gstatic.com/firebasejs/10.12.5/firebase-messaging/sw.js","database":"https://www.gstatic.com/firebasejs/10.12.5/firebase-database.js","vertexai-preview":"https://www.gstatic.com/firebasejs/10.12.5/firebase-vertexai-preview.js","firestore.memory":"https://www.gstatic.com/firebasejs/10.12.5/firebase-firestore.memory.js"}}
[info] i  Skipping write of public/index.html 
[info] 
[info] i  Writing configuration info to firebase.json... 
[info] i  Writing project information to .firebaserc... 
[info] 
[info] ✔  Firebase initialization complete! 
[debug] [2024-08-07T14:10:50.559Z] Error: Timed out.
    at Timeout._onTimeout (/usr/lib/node_modules/firebase-tools/lib/utils.js:268:49)
    at listOnTimeout (node:internal/timers:569:17)
    at process.processTimers (node:internal/timers:512:7)
[error] 
[error] Error: An unexpected error has occurred.
[debug] [2024-08-07T14:33:44.998Z] ----------------------------------------------------------------------
[debug] [2024-08-07T14:33:45.000Z] Command:       /usr/bin/node /usr/bin/firebase deploy
[debug] [2024-08-07T14:33:45.000Z] CLI Version:   13.15.0
[debug] [2024-08-07T14:33:45.000Z] Platform:      linux
[debug] [2024-08-07T14:33:45.000Z] Node Version:  v18.17.1
[debug] [2024-08-07T14:33:45.000Z] Time:          Wed Aug 07 2024 20:03:45 GMT+0530 (India Standard Time)
[debug] [2024-08-07T14:33:45.001Z] ----------------------------------------------------------------------
[debug] 
[debug] [2024-08-07T14:33:45.054Z] > command requires scopes: ["email","openid","https://www.googleapis.com/auth/cloudplatformprojects.readonly","https://www.googleapis.com/auth/firebase","https://www.googleapis.com/auth/cloud-platform"]
[debug] [2024-08-07T14:33:45.055Z] > authorizing via signed-in user (patelakshay43751@gmail.com)
[debug] [2024-08-07T14:33:45.055Z] [iam] checking project pwagram-b89fc for permissions ["cloudfunctions.functions.create","cloudfunctions.functions.delete","cloudfunctions.functions.get","cloudfunctions.functions.list","cloudfunctions.functions.update","cloudfunctions.operations.get","firebase.projects.get","firebasehosting.sites.update"]
[debug] [2024-08-07T14:33:45.056Z] >>> [apiv2][query] POST https://cloudresourcemanager.googleapis.com/v1/projects/pwagram-b89fc:testIamPermissions [none]
[debug] [2024-08-07T14:33:45.056Z] >>> [apiv2][(partial)header] POST https://cloudresourcemanager.googleapis.com/v1/projects/pwagram-b89fc:testIamPermissions x-goog-quota-user=projects/pwagram-b89fc
[debug] [2024-08-07T14:33:45.057Z] >>> [apiv2][body] POST https://cloudresourcemanager.googleapis.com/v1/projects/pwagram-b89fc:testIamPermissions {"permissions":["cloudfunctions.functions.create","cloudfunctions.functions.delete","cloudfunctions.functions.get","cloudfunctions.functions.list","cloudfunctions.functions.update","cloudfunctions.operations.get","firebase.projects.get","firebasehosting.sites.update"]}
[debug] [2024-08-07T14:33:51.783Z] <<< [apiv2][status] POST https://cloudresourcemanager.googleapis.com/v1/projects/pwagram-b89fc:testIamPermissions 200
[debug] [2024-08-07T14:33:51.784Z] <<< [apiv2][body] POST https://cloudresourcemanager.googleapis.com/v1/projects/pwagram-b89fc:testIamPermissions {"permissions":["cloudfunctions.functions.create","cloudfunctions.functions.delete","cloudfunctions.functions.get","cloudfunctions.functions.list","cloudfunctions.functions.update","cloudfunctions.operations.get","firebase.projects.get","firebasehosting.sites.update"]}
[debug] [2024-08-07T14:33:51.784Z] >>> [apiv2][query] POST https://iam.googleapis.com/v1/projects/pwagram-b89fc/serviceAccounts/pwagram-b89fc@appspot.gserviceaccount.com:testIamPermissions [none]
[debug] [2024-08-07T14:33:51.784Z] >>> [apiv2][body] POST https://iam.googleapis.com/v1/projects/pwagram-b89fc/serviceAccounts/pwagram-b89fc@appspot.gserviceaccount.com:testIamPermissions {"permissions":["iam.serviceAccounts.actAs"]}
[debug] [2024-08-07T14:33:58.744Z] <<< [apiv2][status] POST https://iam.googleapis.com/v1/projects/pwagram-b89fc/serviceAccounts/pwagram-b89fc@appspot.gserviceaccount.com:testIamPermissions 200
[debug] [2024-08-07T14:33:58.744Z] <<< [apiv2][body] POST https://iam.googleapis.com/v1/projects/pwagram-b89fc/serviceAccounts/pwagram-b89fc@appspot.gserviceaccount.com:testIamPermissions {"permissions":["iam.serviceAccounts.actAs"]}
[debug] [2024-08-07T14:33:58.747Z] >>> [apiv2][query] GET https://firebase.googleapis.com/v1beta1/projects/pwagram-b89fc [none]
[debug] [2024-08-07T14:34:04.692Z] <<< [apiv2][status] GET https://firebase.googleapis.com/v1beta1/projects/pwagram-b89fc 200
[debug] [2024-08-07T14:34:04.692Z] <<< [apiv2][body] GET https://firebase.googleapis.com/v1beta1/projects/pwagram-b89fc {"projectId":"pwagram-b89fc","projectNumber":"939483780205","displayName":"pwagram","name":"projects/pwagram-b89fc","resources":{"hostingSite":"pwagram-b89fc","realtimeDatabaseInstance":"pwagram-b89fc-default-rtdb","storageBucket":"pwagram-b89fc.appspot.com","locationId":"us-central"},"state":"ACTIVE","etag":"1_020e10fd-d8ea-436a-aeed-9068cabb252c"}
[info] 
[info] === Deploying to 'pwagram-b89fc'...
[info] 
[info] i  deploying functions, hosting 
[debug] [2024-08-07T14:34:04.699Z] >>> [apiv2][query] GET https://firebase.googleapis.com/v1beta1/projects/pwagram-b89fc [none]
[debug] [2024-08-07T14:34:10.313Z] <<< [apiv2][status] GET https://firebase.googleapis.com/v1beta1/projects/pwagram-b89fc 200
[debug] [2024-08-07T14:34:10.313Z] <<< [apiv2][body] GET https://firebase.googleapis.com/v1beta1/projects/pwagram-b89fc {"projectId":"pwagram-b89fc","projectNumber":"939483780205","displayName":"pwagram","name":"projects/pwagram-b89fc","resources":{"hostingSite":"pwagram-b89fc","realtimeDatabaseInstance":"pwagram-b89fc-default-rtdb","storageBucket":"pwagram-b89fc.appspot.com","locationId":"us-central"},"state":"ACTIVE","etag":"1_020e10fd-d8ea-436a-aeed-9068cabb252c"}
[info] i  functions: preparing codebase default for deployment 
[info] i  functions: ensuring required API cloudfunctions.googleapis.com is enabled... 
[info] i  functions: ensuring required API cloudbuild.googleapis.com is enabled... 
[info] i  artifactregistry: ensuring required API artifactregistry.googleapis.com is enabled... 
[debug] [2024-08-07T14:34:10.317Z] >>> [apiv2][query] GET https://serviceusage.googleapis.com/v1/projects/pwagram-b89fc/services/cloudfunctions.googleapis.com [none]
[debug] [2024-08-07T14:34:10.317Z] >>> [apiv2][(partial)header] GET https://serviceusage.googleapis.com/v1/projects/pwagram-b89fc/services/cloudfunctions.googleapis.com x-goog-quota-user=projects/pwagram-b89fc
[debug] [2024-08-07T14:34:10.318Z] >>> [apiv2][query] GET https://serviceusage.googleapis.com/v1/projects/pwagram-b89fc/services/runtimeconfig.googleapis.com [none]
[debug] [2024-08-07T14:34:10.318Z] >>> [apiv2][(partial)header] GET https://serviceusage.googleapis.com/v1/projects/pwagram-b89fc/services/runtimeconfig.googleapis.com x-goog-quota-user=projects/pwagram-b89fc
[debug] [2024-08-07T14:34:10.319Z] >>> [apiv2][query] GET https://serviceusage.googleapis.com/v1/projects/pwagram-b89fc/services/cloudbuild.googleapis.com [none]
[debug] [2024-08-07T14:34:10.319Z] >>> [apiv2][(partial)header] GET https://serviceusage.googleapis.com/v1/projects/pwagram-b89fc/services/cloudbuild.googleapis.com x-goog-quota-user=projects/pwagram-b89fc
[debug] [2024-08-07T14:34:10.319Z] >>> [apiv2][query] GET https://serviceusage.googleapis.com/v1/projects/pwagram-b89fc/services/artifactregistry.googleapis.com [none]
[debug] [2024-08-07T14:34:10.319Z] >>> [apiv2][(partial)header] GET https://serviceusage.googleapis.com/v1/projects/pwagram-b89fc/services/artifactregistry.googleapis.com x-goog-quota-user=projects/pwagram-b89fc
[debug] [2024-08-07T14:34:17.275Z] <<< [apiv2][status] GET https://serviceusage.googleapis.com/v1/projects/pwagram-b89fc/services/runtimeconfig.googleapis.com 200
[debug] [2024-08-07T14:34:17.275Z] <<< [apiv2][body] GET https://serviceusage.googleapis.com/v1/projects/pwagram-b89fc/services/runtimeconfig.googleapis.com [omitted]
[debug] [2024-08-07T14:34:17.301Z] <<< [apiv2][status] GET https://serviceusage.googleapis.com/v1/projects/pwagram-b89fc/services/cloudfunctions.googleapis.com 200
[debug] [2024-08-07T14:34:17.301Z] <<< [apiv2][body] GET https://serviceusage.googleapis.com/v1/projects/pwagram-b89fc/services/cloudfunctions.googleapis.com [omitted]
[info] ✔  functions: required API cloudfunctions.googleapis.com is enabled 
[debug] [2024-08-07T14:34:22.500Z] <<< [apiv2][status] GET https://serviceusage.googleapis.com/v1/projects/pwagram-b89fc/services/cloudbuild.googleapis.com 200
[debug] [2024-08-07T14:34:22.500Z] <<< [apiv2][body] GET https://serviceusage.googleapis.com/v1/projects/pwagram-b89fc/services/cloudbuild.googleapis.com [omitted]
[warn] ⚠  functions: missing required API cloudbuild.googleapis.com. Enabling now... 
[debug] [2024-08-07T14:34:22.502Z] >>> [apiv2][query] POST https://serviceusage.googleapis.com/v1/projects/pwagram-b89fc/services/cloudbuild.googleapis.com:enable [none]
[debug] [2024-08-07T14:34:22.502Z] >>> [apiv2][(partial)header] POST https://serviceusage.googleapis.com/v1/projects/pwagram-b89fc/services/cloudbuild.googleapis.com:enable x-goog-quota-user=projects/pwagram-b89fc
[debug] [2024-08-07T14:34:22.505Z] <<< [apiv2][status] GET https://serviceusage.googleapis.com/v1/projects/pwagram-b89fc/services/artifactregistry.googleapis.com 200
[debug] [2024-08-07T14:34:22.505Z] <<< [apiv2][body] GET https://serviceusage.googleapis.com/v1/projects/pwagram-b89fc/services/artifactregistry.googleapis.com [omitted]
[warn] ⚠  artifactregistry: missing required API artifactregistry.googleapis.com. Enabling now... 
[debug] [2024-08-07T14:34:22.506Z] >>> [apiv2][query] POST https://serviceusage.googleapis.com/v1/projects/pwagram-b89fc/services/artifactregistry.googleapis.com:enable [none]
[debug] [2024-08-07T14:34:22.506Z] >>> [apiv2][(partial)header] POST https://serviceusage.googleapis.com/v1/projects/pwagram-b89fc/services/artifactregistry.googleapis.com:enable x-goog-quota-user=projects/pwagram-b89fc
[debug] [2024-08-07T14:34:29.770Z] <<< [apiv2][status] POST https://serviceusage.googleapis.com/v1/projects/pwagram-b89fc/services/cloudbuild.googleapis.com:enable 400
[debug] [2024-08-07T14:34:29.770Z] <<< [apiv2][body] POST https://serviceusage.googleapis.com/v1/projects/pwagram-b89fc/services/cloudbuild.googleapis.com:enable [omitted]
[debug] [2024-08-07T14:34:29.773Z] <<< [apiv2][status] POST https://serviceusage.googleapis.com/v1/projects/pwagram-b89fc/services/artifactregistry.googleapis.com:enable 400
[debug] [2024-08-07T14:34:29.773Z] <<< [apiv2][body] POST https://serviceusage.googleapis.com/v1/projects/pwagram-b89fc/services/artifactregistry.googleapis.com:enable [omitted]
[debug] [2024-08-07T14:34:34.779Z] Error: Timed out.
    at Timeout._onTimeout (/usr/lib/node_modules/firebase-tools/lib/utils.js:268:49)
    at listOnTimeout (node:internal/timers:569:17)
    at process.processTimers (node:internal/timers:512:7)
[error] 
[error] Error: An unexpected error has occurred.
[debug] [2024-08-07T14:38:33.768Z] ----------------------------------------------------------------------
[debug] [2024-08-07T14:38:33.770Z] Command:       /usr/bin/node /usr/bin/firebase deploy
[debug] [2024-08-07T14:38:33.770Z] CLI Version:   13.15.0
[debug] [2024-08-07T14:38:33.770Z] Platform:      linux
[debug] [2024-08-07T14:38:33.770Z] Node Version:  v18.17.1
[debug] [2024-08-07T14:38:33.770Z] Time:          Wed Aug 07 2024 20:08:33 GMT+0530 (India Standard Time)
[debug] [2024-08-07T14:38:33.771Z] ----------------------------------------------------------------------
[debug] 
[debug] [2024-08-07T14:38:33.819Z] > command requires scopes: ["email","openid","https://www.googleapis.com/auth/cloudplatformprojects.readonly","https://www.googleapis.com/auth/firebase","https://www.googleapis.com/auth/cloud-platform"]
[debug] [2024-08-07T14:38:33.819Z] > authorizing via signed-in user (patelakshay43751@gmail.com)
[debug] [2024-08-07T14:38:33.819Z] [iam] checking project pwagram-b89fc for permissions ["cloudfunctions.functions.create","cloudfunctions.functions.delete","cloudfunctions.functions.get","cloudfunctions.functions.list","cloudfunctions.functions.update","cloudfunctions.operations.get","firebase.projects.get","firebasehosting.sites.update"]
[debug] [2024-08-07T14:38:33.821Z] >>> [apiv2][query] POST https://cloudresourcemanager.googleapis.com/v1/projects/pwagram-b89fc:testIamPermissions [none]
[debug] [2024-08-07T14:38:33.821Z] >>> [apiv2][(partial)header] POST https://cloudresourcemanager.googleapis.com/v1/projects/pwagram-b89fc:testIamPermissions x-goog-quota-user=projects/pwagram-b89fc
[debug] [2024-08-07T14:38:33.821Z] >>> [apiv2][body] POST https://cloudresourcemanager.googleapis.com/v1/projects/pwagram-b89fc:testIamPermissions {"permissions":["cloudfunctions.functions.create","cloudfunctions.functions.delete","cloudfunctions.functions.get","cloudfunctions.functions.list","cloudfunctions.functions.update","cloudfunctions.operations.get","firebase.projects.get","firebasehosting.sites.update"]}
[debug] [2024-08-07T14:38:40.447Z] <<< [apiv2][status] POST https://cloudresourcemanager.googleapis.com/v1/projects/pwagram-b89fc:testIamPermissions 200
[debug] [2024-08-07T14:38:40.447Z] <<< [apiv2][body] POST https://cloudresourcemanager.googleapis.com/v1/projects/pwagram-b89fc:testIamPermissions {"permissions":["cloudfunctions.functions.create","cloudfunctions.functions.delete","cloudfunctions.functions.get","cloudfunctions.functions.list","cloudfunctions.functions.update","cloudfunctions.operations.get","firebase.projects.get","firebasehosting.sites.update"]}
[debug] [2024-08-07T14:38:40.447Z] >>> [apiv2][query] POST https://iam.googleapis.com/v1/projects/pwagram-b89fc/serviceAccounts/pwagram-b89fc@appspot.gserviceaccount.com:testIamPermissions [none]
[debug] [2024-08-07T14:38:40.447Z] >>> [apiv2][body] POST https://iam.googleapis.com/v1/projects/pwagram-b89fc/serviceAccounts/pwagram-b89fc@appspot.gserviceaccount.com:testIamPermissions {"permissions":["iam.serviceAccounts.actAs"]}
[debug] [2024-08-07T14:38:47.306Z] <<< [apiv2][status] POST https://iam.googleapis.com/v1/projects/pwagram-b89fc/serviceAccounts/pwagram-b89fc@appspot.gserviceaccount.com:testIamPermissions 200
[debug] [2024-08-07T14:38:47.306Z] <<< [apiv2][body] POST https://iam.googleapis.com/v1/projects/pwagram-b89fc/serviceAccounts/pwagram-b89fc@appspot.gserviceaccount.com:testIamPermissions {"permissions":["iam.serviceAccounts.actAs"]}
[debug] [2024-08-07T14:38:47.309Z] >>> [apiv2][query] GET https://firebase.googleapis.com/v1beta1/projects/pwagram-b89fc [none]
[debug] [2024-08-07T14:38:52.936Z] <<< [apiv2][status] GET https://firebase.googleapis.com/v1beta1/projects/pwagram-b89fc 200
[debug] [2024-08-07T14:38:52.936Z] <<< [apiv2][body] GET https://firebase.googleapis.com/v1beta1/projects/pwagram-b89fc {"projectId":"pwagram-b89fc","projectNumber":"939483780205","displayName":"pwagram","name":"projects/pwagram-b89fc","resources":{"hostingSite":"pwagram-b89fc","realtimeDatabaseInstance":"pwagram-b89fc-default-rtdb","storageBucket":"pwagram-b89fc.appspot.com","locationId":"us-central"},"state":"ACTIVE","etag":"1_020e10fd-d8ea-436a-aeed-9068cabb252c"}
[info] 
[info] === Deploying to 'pwagram-b89fc'...
[info] 
[info] i  deploying functions, hosting 
[debug] [2024-08-07T14:38:52.942Z] >>> [apiv2][query] GET https://firebase.googleapis.com/v1beta1/projects/pwagram-b89fc [none]
[debug] [2024-08-07T14:38:58.771Z] <<< [apiv2][status] GET https://firebase.googleapis.com/v1beta1/projects/pwagram-b89fc 200
[debug] [2024-08-07T14:38:58.772Z] <<< [apiv2][body] GET https://firebase.googleapis.com/v1beta1/projects/pwagram-b89fc {"projectId":"pwagram-b89fc","projectNumber":"939483780205","displayName":"pwagram","name":"projects/pwagram-b89fc","resources":{"hostingSite":"pwagram-b89fc","realtimeDatabaseInstance":"pwagram-b89fc-default-rtdb","storageBucket":"pwagram-b89fc.appspot.com","locationId":"us-central"},"state":"ACTIVE","etag":"1_020e10fd-d8ea-436a-aeed-9068cabb252c"}
[info] i  functions: preparing codebase default for deployment 
[info] i  functions: ensuring required API cloudfunctions.googleapis.com is enabled... 
[info] i  functions: ensuring required API cloudbuild.googleapis.com is enabled... 
[info] i  artifactregistry: ensuring required API artifactregistry.googleapis.com is enabled... 
[debug] [2024-08-07T14:38:58.775Z] >>> [apiv2][query] GET https://serviceusage.googleapis.com/v1/projects/pwagram-b89fc/services/cloudfunctions.googleapis.com [none]
[debug] [2024-08-07T14:38:58.776Z] >>> [apiv2][(partial)header] GET https://serviceusage.googleapis.com/v1/projects/pwagram-b89fc/services/cloudfunctions.googleapis.com x-goog-quota-user=projects/pwagram-b89fc
[debug] [2024-08-07T14:38:58.777Z] >>> [apiv2][query] GET https://serviceusage.googleapis.com/v1/projects/pwagram-b89fc/services/runtimeconfig.googleapis.com [none]
[debug] [2024-08-07T14:38:58.777Z] >>> [apiv2][(partial)header] GET https://serviceusage.googleapis.com/v1/projects/pwagram-b89fc/services/runtimeconfig.googleapis.com x-goog-quota-user=projects/pwagram-b89fc
[debug] [2024-08-07T14:38:58.778Z] >>> [apiv2][query] GET https://serviceusage.googleapis.com/v1/projects/pwagram-b89fc/services/cloudbuild.googleapis.com [none]
[debug] [2024-08-07T14:38:58.778Z] >>> [apiv2][(partial)header] GET https://serviceusage.googleapis.com/v1/projects/pwagram-b89fc/services/cloudbuild.googleapis.com x-goog-quota-user=projects/pwagram-b89fc
[debug] [2024-08-07T14:38:58.778Z] >>> [apiv2][query] GET https://serviceusage.googleapis.com/v1/projects/pwagram-b89fc/services/artifactregistry.googleapis.com [none]
[debug] [2024-08-07T14:38:58.778Z] >>> [apiv2][(partial)header] GET https://serviceusage.googleapis.com/v1/projects/pwagram-b89fc/services/artifactregistry.googleapis.com x-goog-quota-user=projects/pwagram-b89fc
[debug] [2024-08-07T14:39:05.736Z] <<< [apiv2][status] GET https://serviceusage.googleapis.com/v1/projects/pwagram-b89fc/services/runtimeconfig.googleapis.com 200
[debug] [2024-08-07T14:39:05.736Z] <<< [apiv2][body] GET https://serviceusage.googleapis.com/v1/projects/pwagram-b89fc/services/runtimeconfig.googleapis.com [omitted]
[debug] [2024-08-07T14:39:05.737Z] <<< [apiv2][status] GET https://serviceusage.googleapis.com/v1/projects/pwagram-b89fc/services/cloudfunctions.googleapis.com 200
[debug] [2024-08-07T14:39:05.737Z] <<< [apiv2][body] GET https://serviceusage.googleapis.com/v1/projects/pwagram-b89fc/services/cloudfunctions.googleapis.com [omitted]
[info] ✔  functions: required API cloudfunctions.googleapis.com is enabled 
[debug] [2024-08-07T14:39:10.705Z] <<< [apiv2][status] GET https://serviceusage.googleapis.com/v1/projects/pwagram-b89fc/services/cloudbuild.googleapis.com 200
[debug] [2024-08-07T14:39:10.705Z] <<< [apiv2][body] GET https://serviceusage.googleapis.com/v1/projects/pwagram-b89fc/services/cloudbuild.googleapis.com [omitted]
[warn] ⚠  functions: missing required API cloudbuild.googleapis.com. Enabling now... 
[debug] [2024-08-07T14:39:10.707Z] >>> [apiv2][query] POST https://serviceusage.googleapis.com/v1/projects/pwagram-b89fc/services/cloudbuild.googleapis.com:enable [none]
[debug] [2024-08-07T14:39:10.707Z] >>> [apiv2][(partial)header] POST https://serviceusage.googleapis.com/v1/projects/pwagram-b89fc/services/cloudbuild.googleapis.com:enable x-goog-quota-user=projects/pwagram-b89fc
[debug] [2024-08-07T14:39:10.718Z] <<< [apiv2][status] GET https://serviceusage.googleapis.com/v1/projects/pwagram-b89fc/services/artifactregistry.googleapis.com 200
[debug] [2024-08-07T14:39:10.718Z] <<< [apiv2][body] GET https://serviceusage.googleapis.com/v1/projects/pwagram-b89fc/services/artifactregistry.googleapis.com [omitted]
[warn] ⚠  artifactregistry: missing required API artifactregistry.googleapis.com. Enabling now... 
[debug] [2024-08-07T14:39:10.719Z] >>> [apiv2][query] POST https://serviceusage.googleapis.com/v1/projects/pwagram-b89fc/services/artifactregistry.googleapis.com:enable [none]
[debug] [2024-08-07T14:39:10.719Z] >>> [apiv2][(partial)header] POST https://serviceusage.googleapis.com/v1/projects/pwagram-b89fc/services/artifactregistry.googleapis.com:enable x-goog-quota-user=projects/pwagram-b89fc
[debug] [2024-08-07T14:39:17.718Z] <<< [apiv2][status] POST https://serviceusage.googleapis.com/v1/projects/pwagram-b89fc/services/artifactregistry.googleapis.com:enable 400
[debug] [2024-08-07T14:39:17.718Z] <<< [apiv2][body] POST https://serviceusage.googleapis.com/v1/projects/pwagram-b89fc/services/artifactregistry.googleapis.com:enable [omitted]
[debug] [2024-08-07T14:39:17.721Z] <<< [apiv2][status] POST https://serviceusage.googleapis.com/v1/projects/pwagram-b89fc/services/cloudbuild.googleapis.com:enable 400
[debug] [2024-08-07T14:39:17.721Z] <<< [apiv2][body] POST https://serviceusage.googleapis.com/v1/projects/pwagram-b89fc/services/cloudbuild.googleapis.com:enable [omitted]
[debug] [2024-08-07T14:39:22.729Z] Error: Timed out.
    at Timeout._onTimeout (/usr/lib/node_modules/firebase-tools/lib/utils.js:268:49)
    at listOnTimeout (node:internal/timers:569:17)
    at process.processTimers (node:internal/timers:512:7)
[error] 
[error] Error: An unexpected error has occurred.
[debug] [2024-08-08T11:37:43.069Z] ----------------------------------------------------------------------
[debug] [2024-08-08T11:37:43.070Z] Command:       /usr/bin/node /usr/bin/firebase deploy
[debug] [2024-08-08T11:37:43.070Z] CLI Version:   13.15.0
[debug] [2024-08-08T11:37:43.071Z] Platform:      linux
[debug] [2024-08-08T11:37:43.071Z] Node Version:  v18.17.1
[debug] [2024-08-08T11:37:43.074Z] Time:          Thu Aug 08 2024 17:07:43 GMT+0530 (India Standard Time)
[debug] [2024-08-08T11:37:43.074Z] ----------------------------------------------------------------------
[debug] 
[debug] [2024-08-08T11:37:43.135Z] > command requires scopes: ["email","openid","https://www.googleapis.com/auth/cloudplatformprojects.readonly","https://www.googleapis.com/auth/firebase","https://www.googleapis.com/auth/cloud-platform"]
[debug] [2024-08-08T11:37:43.135Z] > authorizing via signed-in user (patelakshay43751@gmail.com)
[debug] [2024-08-08T11:37:43.136Z] [iam] checking project pwagram-b89fc for permissions ["cloudfunctions.functions.create","cloudfunctions.functions.delete","cloudfunctions.functions.get","cloudfunctions.functions.list","cloudfunctions.functions.update","cloudfunctions.operations.get","firebase.projects.get","firebasehosting.sites.update"]
[debug] [2024-08-08T11:37:43.136Z] > refreshing access token with scopes: []
[debug] [2024-08-08T11:37:43.138Z] >>> [apiv2][query] POST https://www.googleapis.com/oauth2/v3/token [none]
[debug] [2024-08-08T11:37:43.138Z] >>> [apiv2][body] POST https://www.googleapis.com/oauth2/v3/token [omitted]
[debug] [2024-08-08T11:37:48.499Z] <<< [apiv2][status] POST https://www.googleapis.com/oauth2/v3/token 200
[debug] [2024-08-08T11:37:48.500Z] <<< [apiv2][body] POST https://www.googleapis.com/oauth2/v3/token [omitted]
[debug] [2024-08-08T11:37:48.512Z] >>> [apiv2][query] POST https://cloudresourcemanager.googleapis.com/v1/projects/pwagram-b89fc:testIamPermissions [none]
[debug] [2024-08-08T11:37:48.512Z] >>> [apiv2][(partial)header] POST https://cloudresourcemanager.googleapis.com/v1/projects/pwagram-b89fc:testIamPermissions x-goog-quota-user=projects/pwagram-b89fc
[debug] [2024-08-08T11:37:48.512Z] >>> [apiv2][body] POST https://cloudresourcemanager.googleapis.com/v1/projects/pwagram-b89fc:testIamPermissions {"permissions":["cloudfunctions.functions.create","cloudfunctions.functions.delete","cloudfunctions.functions.get","cloudfunctions.functions.list","cloudfunctions.functions.update","cloudfunctions.operations.get","firebase.projects.get","firebasehosting.sites.update"]}
[debug] [2024-08-08T11:37:55.214Z] <<< [apiv2][status] POST https://cloudresourcemanager.googleapis.com/v1/projects/pwagram-b89fc:testIamPermissions 200
[debug] [2024-08-08T11:37:55.214Z] <<< [apiv2][body] POST https://cloudresourcemanager.googleapis.com/v1/projects/pwagram-b89fc:testIamPermissions {"permissions":["cloudfunctions.functions.create","cloudfunctions.functions.delete","cloudfunctions.functions.get","cloudfunctions.functions.list","cloudfunctions.functions.update","cloudfunctions.operations.get","firebase.projects.get","firebasehosting.sites.update"]}
[debug] [2024-08-08T11:37:55.216Z] >>> [apiv2][query] POST https://iam.googleapis.com/v1/projects/pwagram-b89fc/serviceAccounts/pwagram-b89fc@appspot.gserviceaccount.com:testIamPermissions [none]
[debug] [2024-08-08T11:37:55.216Z] >>> [apiv2][body] POST https://iam.googleapis.com/v1/projects/pwagram-b89fc/serviceAccounts/pwagram-b89fc@appspot.gserviceaccount.com:testIamPermissions {"permissions":["iam.serviceAccounts.actAs"]}
[debug] [2024-08-08T11:38:01.113Z] <<< [apiv2][status] POST https://iam.googleapis.com/v1/projects/pwagram-b89fc/serviceAccounts/pwagram-b89fc@appspot.gserviceaccount.com:testIamPermissions 200
[debug] [2024-08-08T11:38:01.114Z] <<< [apiv2][body] POST https://iam.googleapis.com/v1/projects/pwagram-b89fc/serviceAccounts/pwagram-b89fc@appspot.gserviceaccount.com:testIamPermissions {"permissions":["iam.serviceAccounts.actAs"]}
[debug] [2024-08-08T11:38:01.116Z] >>> [apiv2][query] GET https://firebase.googleapis.com/v1beta1/projects/pwagram-b89fc [none]
[debug] [2024-08-08T11:38:06.704Z] <<< [apiv2][status] GET https://firebase.googleapis.com/v1beta1/projects/pwagram-b89fc 200
[debug] [2024-08-08T11:38:06.704Z] <<< [apiv2][body] GET https://firebase.googleapis.com/v1beta1/projects/pwagram-b89fc {"projectId":"pwagram-b89fc","projectNumber":"939483780205","displayName":"pwagram","name":"projects/pwagram-b89fc","resources":{"hostingSite":"pwagram-b89fc","realtimeDatabaseInstance":"pwagram-b89fc-default-rtdb","storageBucket":"pwagram-b89fc.appspot.com","locationId":"us-central"},"state":"ACTIVE","etag":"1_020e10fd-d8ea-436a-aeed-9068cabb252c"}
[info] 
[info] === Deploying to 'pwagram-b89fc'...
[info] 
[info] i  deploying functions, hosting 
[debug] [2024-08-08T11:38:06.711Z] >>> [apiv2][query] GET https://firebase.googleapis.com/v1beta1/projects/pwagram-b89fc [none]
[debug] [2024-08-08T11:38:12.354Z] <<< [apiv2][status] GET https://firebase.googleapis.com/v1beta1/projects/pwagram-b89fc 200
[debug] [2024-08-08T11:38:12.354Z] <<< [apiv2][body] GET https://firebase.googleapis.com/v1beta1/projects/pwagram-b89fc {"projectId":"pwagram-b89fc","projectNumber":"939483780205","displayName":"pwagram","name":"projects/pwagram-b89fc","resources":{"hostingSite":"pwagram-b89fc","realtimeDatabaseInstance":"pwagram-b89fc-default-rtdb","storageBucket":"pwagram-b89fc.appspot.com","locationId":"us-central"},"state":"ACTIVE","etag":"1_020e10fd-d8ea-436a-aeed-9068cabb252c"}
[info] i  functions: preparing codebase default for deployment 
[info] i  functions: ensuring required API cloudfunctions.googleapis.com is enabled... 
[info] i  functions: ensuring required API cloudbuild.googleapis.com is enabled... 
[info] i  artifactregistry: ensuring required API artifactregistry.googleapis.com is enabled... 
[debug] [2024-08-08T11:38:12.359Z] >>> [apiv2][query] GET https://serviceusage.googleapis.com/v1/projects/pwagram-b89fc/services/cloudfunctions.googleapis.com [none]
[debug] [2024-08-08T11:38:12.359Z] >>> [apiv2][(partial)header] GET https://serviceusage.googleapis.com/v1/projects/pwagram-b89fc/services/cloudfunctions.googleapis.com x-goog-quota-user=projects/pwagram-b89fc
[debug] [2024-08-08T11:38:12.361Z] >>> [apiv2][query] GET https://serviceusage.googleapis.com/v1/projects/pwagram-b89fc/services/runtimeconfig.googleapis.com [none]
[debug] [2024-08-08T11:38:12.362Z] >>> [apiv2][(partial)header] GET https://serviceusage.googleapis.com/v1/projects/pwagram-b89fc/services/runtimeconfig.googleapis.com x-goog-quota-user=projects/pwagram-b89fc
[debug] [2024-08-08T11:38:12.364Z] >>> [apiv2][query] GET https://serviceusage.googleapis.com/v1/projects/pwagram-b89fc/services/cloudbuild.googleapis.com [none]
[debug] [2024-08-08T11:38:12.364Z] >>> [apiv2][(partial)header] GET https://serviceusage.googleapis.com/v1/projects/pwagram-b89fc/services/cloudbuild.googleapis.com x-goog-quota-user=projects/pwagram-b89fc
[debug] [2024-08-08T11:38:12.365Z] >>> [apiv2][query] GET https://serviceusage.googleapis.com/v1/projects/pwagram-b89fc/services/artifactregistry.googleapis.com [none]
[debug] [2024-08-08T11:38:12.365Z] >>> [apiv2][(partial)header] GET https://serviceusage.googleapis.com/v1/projects/pwagram-b89fc/services/artifactregistry.googleapis.com x-goog-quota-user=projects/pwagram-b89fc
[debug] [2024-08-08T11:38:19.413Z] <<< [apiv2][status] GET https://serviceusage.googleapis.com/v1/projects/pwagram-b89fc/services/cloudfunctions.googleapis.com 200
[debug] [2024-08-08T11:38:19.413Z] <<< [apiv2][body] GET https://serviceusage.googleapis.com/v1/projects/pwagram-b89fc/services/cloudfunctions.googleapis.com [omitted]
[info] ✔  functions: required API cloudfunctions.googleapis.com is enabled 
[debug] [2024-08-08T11:38:19.436Z] <<< [apiv2][status] GET https://serviceusage.googleapis.com/v1/projects/pwagram-b89fc/services/runtimeconfig.googleapis.com 200
[debug] [2024-08-08T11:38:19.436Z] <<< [apiv2][body] GET https://serviceusage.googleapis.com/v1/projects/pwagram-b89fc/services/runtimeconfig.googleapis.com [omitted]
[debug] [2024-08-08T11:38:23.524Z] <<< [apiv2][status] GET https://serviceusage.googleapis.com/v1/projects/pwagram-b89fc/services/cloudbuild.googleapis.com 200
[debug] [2024-08-08T11:38:23.524Z] <<< [apiv2][body] GET https://serviceusage.googleapis.com/v1/projects/pwagram-b89fc/services/cloudbuild.googleapis.com [omitted]
[warn] ⚠  functions: missing required API cloudbuild.googleapis.com. Enabling now... 
[debug] [2024-08-08T11:38:23.526Z] >>> [apiv2][query] POST https://serviceusage.googleapis.com/v1/projects/pwagram-b89fc/services/cloudbuild.googleapis.com:enable [none]
[debug] [2024-08-08T11:38:23.526Z] >>> [apiv2][(partial)header] POST https://serviceusage.googleapis.com/v1/projects/pwagram-b89fc/services/cloudbuild.googleapis.com:enable x-goog-quota-user=projects/pwagram-b89fc
[debug] [2024-08-08T11:38:24.531Z] <<< [apiv2][status] GET https://serviceusage.googleapis.com/v1/projects/pwagram-b89fc/services/artifactregistry.googleapis.com 200
[debug] [2024-08-08T11:38:24.531Z] <<< [apiv2][body] GET https://serviceusage.googleapis.com/v1/projects/pwagram-b89fc/services/artifactregistry.googleapis.com [omitted]
[warn] ⚠  artifactregistry: missing required API artifactregistry.googleapis.com. Enabling now... 
[debug] [2024-08-08T11:38:24.532Z] >>> [apiv2][query] POST https://serviceusage.googleapis.com/v1/projects/pwagram-b89fc/services/artifactregistry.googleapis.com:enable [none]
[debug] [2024-08-08T11:38:24.533Z] >>> [apiv2][(partial)header] POST https://serviceusage.googleapis.com/v1/projects/pwagram-b89fc/services/artifactregistry.googleapis.com:enable x-goog-quota-user=projects/pwagram-b89fc
[debug] [2024-08-08T11:38:30.509Z] <<< [apiv2][status] POST https://serviceusage.googleapis.com/v1/projects/pwagram-b89fc/services/cloudbuild.googleapis.com:enable 400
[debug] [2024-08-08T11:38:30.509Z] <<< [apiv2][body] POST https://serviceusage.googleapis.com/v1/projects/pwagram-b89fc/services/cloudbuild.googleapis.com:enable [omitted]
[debug] [2024-08-08T11:38:31.524Z] <<< [apiv2][status] POST https://serviceusage.googleapis.com/v1/projects/pwagram-b89fc/services/artifactregistry.googleapis.com:enable 400
[debug] [2024-08-08T11:38:31.524Z] <<< [apiv2][body] POST https://serviceusage.googleapis.com/v1/projects/pwagram-b89fc/services/artifactregistry.googleapis.com:enable [omitted]
[debug] [2024-08-08T11:38:35.520Z] Error: Timed out.
    at Timeout._onTimeout (/usr/lib/node_modules/firebase-tools/lib/utils.js:268:49)
    at listOnTimeout (node:internal/timers:569:17)
    at process.processTimers (node:internal/timers:512:7)
[error] 
[error] Error: An unexpected error has occurred.
[debug] [2024-08-08T11:43:04.987Z] ----------------------------------------------------------------------
[debug] [2024-08-08T11:43:04.988Z] Command:       /usr/bin/node /usr/bin/firebase deploy
[debug] [2024-08-08T11:43:04.989Z] CLI Version:   13.15.0
[debug] [2024-08-08T11:43:04.989Z] Platform:      linux
[debug] [2024-08-08T11:43:04.989Z] Node Version:  v18.17.1
[debug] [2024-08-08T11:43:04.990Z] Time:          Thu Aug 08 2024 17:13:04 GMT+0530 (India Standard Time)
[debug] [2024-08-08T11:43:04.990Z] ----------------------------------------------------------------------
[debug] 
[debug] [2024-08-08T11:43:05.044Z] > command requires scopes: ["email","openid","https://www.googleapis.com/auth/cloudplatformprojects.readonly","https://www.googleapis.com/auth/firebase","https://www.googleapis.com/auth/cloud-platform"]
[debug] [2024-08-08T11:43:05.044Z] > authorizing via signed-in user (patelakshay43751@gmail.com)
[debug] [2024-08-08T11:43:05.044Z] [iam] checking project pwagram-b89fc for permissions ["cloudfunctions.functions.create","cloudfunctions.functions.delete","cloudfunctions.functions.get","cloudfunctions.functions.list","cloudfunctions.functions.update","cloudfunctions.operations.get","firebase.projects.get","firebasehosting.sites.update"]
[debug] [2024-08-08T11:43:05.046Z] >>> [apiv2][query] POST https://cloudresourcemanager.googleapis.com/v1/projects/pwagram-b89fc:testIamPermissions [none]
[debug] [2024-08-08T11:43:05.046Z] >>> [apiv2][(partial)header] POST https://cloudresourcemanager.googleapis.com/v1/projects/pwagram-b89fc:testIamPermissions x-goog-quota-user=projects/pwagram-b89fc
[debug] [2024-08-08T11:43:05.046Z] >>> [apiv2][body] POST https://cloudresourcemanager.googleapis.com/v1/projects/pwagram-b89fc:testIamPermissions {"permissions":["cloudfunctions.functions.create","cloudfunctions.functions.delete","cloudfunctions.functions.get","cloudfunctions.functions.list","cloudfunctions.functions.update","cloudfunctions.operations.get","firebase.projects.get","firebasehosting.sites.update"]}
[debug] [2024-08-08T11:43:11.738Z] <<< [apiv2][status] POST https://cloudresourcemanager.googleapis.com/v1/projects/pwagram-b89fc:testIamPermissions 200
[debug] [2024-08-08T11:43:11.738Z] <<< [apiv2][body] POST https://cloudresourcemanager.googleapis.com/v1/projects/pwagram-b89fc:testIamPermissions {"permissions":["cloudfunctions.functions.create","cloudfunctions.functions.delete","cloudfunctions.functions.get","cloudfunctions.functions.list","cloudfunctions.functions.update","cloudfunctions.operations.get","firebase.projects.get","firebasehosting.sites.update"]}
[debug] [2024-08-08T11:43:11.739Z] >>> [apiv2][query] POST https://iam.googleapis.com/v1/projects/pwagram-b89fc/serviceAccounts/pwagram-b89fc@appspot.gserviceaccount.com:testIamPermissions [none]
[debug] [2024-08-08T11:43:11.739Z] >>> [apiv2][body] POST https://iam.googleapis.com/v1/projects/pwagram-b89fc/serviceAccounts/pwagram-b89fc@appspot.gserviceaccount.com:testIamPermissions {"permissions":["iam.serviceAccounts.actAs"]}
[debug] [2024-08-08T11:43:18.625Z] <<< [apiv2][status] POST https://iam.googleapis.com/v1/projects/pwagram-b89fc/serviceAccounts/pwagram-b89fc@appspot.gserviceaccount.com:testIamPermissions 200
[debug] [2024-08-08T11:43:18.625Z] <<< [apiv2][body] POST https://iam.googleapis.com/v1/projects/pwagram-b89fc/serviceAccounts/pwagram-b89fc@appspot.gserviceaccount.com:testIamPermissions {"permissions":["iam.serviceAccounts.actAs"]}
[debug] [2024-08-08T11:43:18.628Z] >>> [apiv2][query] GET https://firebase.googleapis.com/v1beta1/projects/pwagram-b89fc [none]
[debug] [2024-08-08T11:43:24.274Z] <<< [apiv2][status] GET https://firebase.googleapis.com/v1beta1/projects/pwagram-b89fc 200
[debug] [2024-08-08T11:43:24.274Z] <<< [apiv2][body] GET https://firebase.googleapis.com/v1beta1/projects/pwagram-b89fc {"projectId":"pwagram-b89fc","projectNumber":"939483780205","displayName":"pwagram","name":"projects/pwagram-b89fc","resources":{"hostingSite":"pwagram-b89fc","realtimeDatabaseInstance":"pwagram-b89fc-default-rtdb","storageBucket":"pwagram-b89fc.appspot.com","locationId":"us-central"},"state":"ACTIVE","etag":"1_020e10fd-d8ea-436a-aeed-9068cabb252c"}
[info] 
[info] === Deploying to 'pwagram-b89fc'...
[info] 
[info] i  deploying functions, hosting 
[debug] [2024-08-08T11:43:24.281Z] >>> [apiv2][query] GET https://firebase.googleapis.com/v1beta1/projects/pwagram-b89fc [none]
[debug] [2024-08-08T11:43:29.851Z] <<< [apiv2][status] GET https://firebase.googleapis.com/v1beta1/projects/pwagram-b89fc 200
[debug] [2024-08-08T11:43:29.851Z] <<< [apiv2][body] GET https://firebase.googleapis.com/v1beta1/projects/pwagram-b89fc {"projectId":"pwagram-b89fc","projectNumber":"939483780205","displayName":"pwagram","name":"projects/pwagram-b89fc","resources":{"hostingSite":"pwagram-b89fc","realtimeDatabaseInstance":"pwagram-b89fc-default-rtdb","storageBucket":"pwagram-b89fc.appspot.com","locationId":"us-central"},"state":"ACTIVE","etag":"1_020e10fd-d8ea-436a-aeed-9068cabb252c"}
[info] i  functions: preparing codebase default for deployment 
[info] i  functions: ensuring required API cloudfunctions.googleapis.com is enabled... 
[info] i  functions: ensuring required API cloudbuild.googleapis.com is enabled... 
[info] i  artifactregistry: ensuring required API artifactregistry.googleapis.com is enabled... 
[debug] [2024-08-08T11:43:29.855Z] >>> [apiv2][query] GET https://serviceusage.googleapis.com/v1/projects/pwagram-b89fc/services/cloudfunctions.googleapis.com [none]
[debug] [2024-08-08T11:43:29.856Z] >>> [apiv2][(partial)header] GET https://serviceusage.googleapis.com/v1/projects/pwagram-b89fc/services/cloudfunctions.googleapis.com x-goog-quota-user=projects/pwagram-b89fc
[debug] [2024-08-08T11:43:29.858Z] >>> [apiv2][query] GET https://serviceusage.googleapis.com/v1/projects/pwagram-b89fc/services/runtimeconfig.googleapis.com [none]
[debug] [2024-08-08T11:43:29.858Z] >>> [apiv2][(partial)header] GET https://serviceusage.googleapis.com/v1/projects/pwagram-b89fc/services/runtimeconfig.googleapis.com x-goog-quota-user=projects/pwagram-b89fc
[debug] [2024-08-08T11:43:29.860Z] >>> [apiv2][query] GET https://serviceusage.googleapis.com/v1/projects/pwagram-b89fc/services/cloudbuild.googleapis.com [none]
[debug] [2024-08-08T11:43:29.860Z] >>> [apiv2][(partial)header] GET https://serviceusage.googleapis.com/v1/projects/pwagram-b89fc/services/cloudbuild.googleapis.com x-goog-quota-user=projects/pwagram-b89fc
[debug] [2024-08-08T11:43:29.861Z] >>> [apiv2][query] GET https://serviceusage.googleapis.com/v1/projects/pwagram-b89fc/services/artifactregistry.googleapis.com [none]
[debug] [2024-08-08T11:43:29.861Z] >>> [apiv2][(partial)header] GET https://serviceusage.googleapis.com/v1/projects/pwagram-b89fc/services/artifactregistry.googleapis.com x-goog-quota-user=projects/pwagram-b89fc
[debug] [2024-08-08T11:43:36.951Z] <<< [apiv2][status] GET https://serviceusage.googleapis.com/v1/projects/pwagram-b89fc/services/runtimeconfig.googleapis.com 200
[debug] [2024-08-08T11:43:36.952Z] <<< [apiv2][body] GET https://serviceusage.googleapis.com/v1/projects/pwagram-b89fc/services/runtimeconfig.googleapis.com [omitted]
[debug] [2024-08-08T11:43:36.958Z] <<< [apiv2][status] GET https://serviceusage.googleapis.com/v1/projects/pwagram-b89fc/services/cloudfunctions.googleapis.com 200
[debug] [2024-08-08T11:43:36.958Z] <<< [apiv2][body] GET https://serviceusage.googleapis.com/v1/projects/pwagram-b89fc/services/cloudfunctions.googleapis.com [omitted]
[info] ✔  functions: required API cloudfunctions.googleapis.com is enabled 
[debug] [2024-08-08T11:43:41.957Z] <<< [apiv2][status] GET https://serviceusage.googleapis.com/v1/projects/pwagram-b89fc/services/cloudbuild.googleapis.com 200
[debug] [2024-08-08T11:43:41.957Z] <<< [apiv2][body] GET https://serviceusage.googleapis.com/v1/projects/pwagram-b89fc/services/cloudbuild.googleapis.com [omitted]
[warn] ⚠  functions: missing required API cloudbuild.googleapis.com. Enabling now... 
[debug] [2024-08-08T11:43:41.957Z] >>> [apiv2][query] POST https://serviceusage.googleapis.com/v1/projects/pwagram-b89fc/services/cloudbuild.googleapis.com:enable [none]
[debug] [2024-08-08T11:43:41.957Z] >>> [apiv2][(partial)header] POST https://serviceusage.googleapis.com/v1/projects/pwagram-b89fc/services/cloudbuild.googleapis.com:enable x-goog-quota-user=projects/pwagram-b89fc
[debug] [2024-08-08T11:43:41.976Z] <<< [apiv2][status] GET https://serviceusage.googleapis.com/v1/projects/pwagram-b89fc/services/artifactregistry.googleapis.com 200
[debug] [2024-08-08T11:43:41.977Z] <<< [apiv2][body] GET https://serviceusage.googleapis.com/v1/projects/pwagram-b89fc/services/artifactregistry.googleapis.com [omitted]
[warn] ⚠  artifactregistry: missing required API artifactregistry.googleapis.com. Enabling now... 
[debug] [2024-08-08T11:43:41.977Z] >>> [apiv2][query] POST https://serviceusage.googleapis.com/v1/projects/pwagram-b89fc/services/artifactregistry.googleapis.com:enable [none]
[debug] [2024-08-08T11:43:41.977Z] >>> [apiv2][(partial)header] POST https://serviceusage.googleapis.com/v1/projects/pwagram-b89fc/services/artifactregistry.googleapis.com:enable x-goog-quota-user=projects/pwagram-b89fc
[debug] [2024-08-08T11:43:48.933Z] <<< [apiv2][status] POST https://serviceusage.googleapis.com/v1/projects/pwagram-b89fc/services/artifactregistry.googleapis.com:enable 400
[debug] [2024-08-08T11:43:48.933Z] <<< [apiv2][body] POST https://serviceusage.googleapis.com/v1/projects/pwagram-b89fc/services/artifactregistry.googleapis.com:enable [omitted]
[debug] [2024-08-08T11:43:48.942Z] <<< [apiv2][status] POST https://serviceusage.googleapis.com/v1/projects/pwagram-b89fc/services/cloudbuild.googleapis.com:enable 400
[debug] [2024-08-08T11:43:48.943Z] <<< [apiv2][body] POST https://serviceusage.googleapis.com/v1/projects/pwagram-b89fc/services/cloudbuild.googleapis.com:enable [omitted]
[debug] [2024-08-08T11:43:53.946Z] Error: Timed out.
    at Timeout._onTimeout (/usr/lib/node_modules/firebase-tools/lib/utils.js:268:49)
    at listOnTimeout (node:internal/timers:569:17)
    at process.processTimers (node:internal/timers:512:7)
[error] 
[error] Error: An unexpected error has occurred.
[debug] [2024-08-08T11:53:26.491Z] ----------------------------------------------------------------------
[debug] [2024-08-08T11:53:26.493Z] Command:       /usr/bin/node /usr/bin/firebase deploy
[debug] [2024-08-08T11:53:26.493Z] CLI Version:   13.15.0
[debug] [2024-08-08T11:53:26.493Z] Platform:      linux
[debug] [2024-08-08T11:53:26.493Z] Node Version:  v18.17.1
[debug] [2024-08-08T11:53:26.493Z] Time:          Thu Aug 08 2024 17:23:26 GMT+0530 (India Standard Time)
[debug] [2024-08-08T11:53:26.494Z] ----------------------------------------------------------------------
[debug] 
[debug] [2024-08-08T11:53:26.556Z] > command requires scopes: ["email","openid","https://www.googleapis.com/auth/cloudplatformprojects.readonly","https://www.googleapis.com/auth/firebase","https://www.googleapis.com/auth/cloud-platform"]
[debug] [2024-08-08T11:53:26.557Z] > authorizing via signed-in user (patelakshay43751@gmail.com)
[debug] [2024-08-08T11:53:26.557Z] [iam] checking project pwagram-b89fc for permissions ["cloudfunctions.functions.create","cloudfunctions.functions.delete","cloudfunctions.functions.get","cloudfunctions.functions.list","cloudfunctions.functions.update","cloudfunctions.operations.get","firebase.projects.get","firebasehosting.sites.update"]
[debug] [2024-08-08T11:53:26.559Z] >>> [apiv2][query] POST https://cloudresourcemanager.googleapis.com/v1/projects/pwagram-b89fc:testIamPermissions [none]
[debug] [2024-08-08T11:53:26.559Z] >>> [apiv2][(partial)header] POST https://cloudresourcemanager.googleapis.com/v1/projects/pwagram-b89fc:testIamPermissions x-goog-quota-user=projects/pwagram-b89fc
[debug] [2024-08-08T11:53:26.559Z] >>> [apiv2][body] POST https://cloudresourcemanager.googleapis.com/v1/projects/pwagram-b89fc:testIamPermissions {"permissions":["cloudfunctions.functions.create","cloudfunctions.functions.delete","cloudfunctions.functions.get","cloudfunctions.functions.list","cloudfunctions.functions.update","cloudfunctions.operations.get","firebase.projects.get","firebasehosting.sites.update"]}
[debug] [2024-08-08T11:53:33.290Z] <<< [apiv2][status] POST https://cloudresourcemanager.googleapis.com/v1/projects/pwagram-b89fc:testIamPermissions 200
[debug] [2024-08-08T11:53:33.291Z] <<< [apiv2][body] POST https://cloudresourcemanager.googleapis.com/v1/projects/pwagram-b89fc:testIamPermissions {"permissions":["cloudfunctions.functions.create","cloudfunctions.functions.delete","cloudfunctions.functions.get","cloudfunctions.functions.list","cloudfunctions.functions.update","cloudfunctions.operations.get","firebase.projects.get","firebasehosting.sites.update"]}
[debug] [2024-08-08T11:53:33.291Z] >>> [apiv2][query] POST https://iam.googleapis.com/v1/projects/pwagram-b89fc/serviceAccounts/pwagram-b89fc@appspot.gserviceaccount.com:testIamPermissions [none]
[debug] [2024-08-08T11:53:33.292Z] >>> [apiv2][body] POST https://iam.googleapis.com/v1/projects/pwagram-b89fc/serviceAccounts/pwagram-b89fc@appspot.gserviceaccount.com:testIamPermissions {"permissions":["iam.serviceAccounts.actAs"]}
[debug] [2024-08-08T11:53:40.228Z] <<< [apiv2][status] POST https://iam.googleapis.com/v1/projects/pwagram-b89fc/serviceAccounts/pwagram-b89fc@appspot.gserviceaccount.com:testIamPermissions 200
[debug] [2024-08-08T11:53:40.229Z] <<< [apiv2][body] POST https://iam.googleapis.com/v1/projects/pwagram-b89fc/serviceAccounts/pwagram-b89fc@appspot.gserviceaccount.com:testIamPermissions {"permissions":["iam.serviceAccounts.actAs"]}
[debug] [2024-08-08T11:53:40.231Z] >>> [apiv2][query] GET https://firebase.googleapis.com/v1beta1/projects/pwagram-b89fc [none]
[debug] [2024-08-08T11:53:45.888Z] <<< [apiv2][status] GET https://firebase.googleapis.com/v1beta1/projects/pwagram-b89fc 200
[debug] [2024-08-08T11:53:45.889Z] <<< [apiv2][body] GET https://firebase.googleapis.com/v1beta1/projects/pwagram-b89fc {"projectId":"pwagram-b89fc","projectNumber":"939483780205","displayName":"pwagram","name":"projects/pwagram-b89fc","resources":{"hostingSite":"pwagram-b89fc","realtimeDatabaseInstance":"pwagram-b89fc-default-rtdb","storageBucket":"pwagram-b89fc.appspot.com","locationId":"us-central"},"state":"ACTIVE","etag":"1_020e10fd-d8ea-436a-aeed-9068cabb252c"}
[info] 
[info] === Deploying to 'pwagram-b89fc'...
[info] 
[info] i  deploying functions, hosting 
[debug] [2024-08-08T11:53:45.891Z] >>> [apiv2][query] GET https://firebase.googleapis.com/v1beta1/projects/pwagram-b89fc [none]
[debug] [2024-08-08T11:53:51.544Z] <<< [apiv2][status] GET https://firebase.googleapis.com/v1beta1/projects/pwagram-b89fc 200
[debug] [2024-08-08T11:53:51.544Z] <<< [apiv2][body] GET https://firebase.googleapis.com/v1beta1/projects/pwagram-b89fc {"projectId":"pwagram-b89fc","projectNumber":"939483780205","displayName":"pwagram","name":"projects/pwagram-b89fc","resources":{"hostingSite":"pwagram-b89fc","realtimeDatabaseInstance":"pwagram-b89fc-default-rtdb","storageBucket":"pwagram-b89fc.appspot.com","locationId":"us-central"},"state":"ACTIVE","etag":"1_020e10fd-d8ea-436a-aeed-9068cabb252c"}
[info] i  functions: preparing codebase default for deployment 
[info] i  functions: ensuring required API cloudfunctions.googleapis.com is enabled... 
[info] i  functions: ensuring required API cloudbuild.googleapis.com is enabled... 
[info] i  artifactregistry: ensuring required API artifactregistry.googleapis.com is enabled... 
[debug] [2024-08-08T11:53:51.548Z] >>> [apiv2][query] GET https://serviceusage.googleapis.com/v1/projects/pwagram-b89fc/services/cloudfunctions.googleapis.com [none]
[debug] [2024-08-08T11:53:51.548Z] >>> [apiv2][(partial)header] GET https://serviceusage.googleapis.com/v1/projects/pwagram-b89fc/services/cloudfunctions.googleapis.com x-goog-quota-user=projects/pwagram-b89fc
[debug] [2024-08-08T11:53:51.550Z] >>> [apiv2][query] GET https://serviceusage.googleapis.com/v1/projects/pwagram-b89fc/services/runtimeconfig.googleapis.com [none]
[debug] [2024-08-08T11:53:51.550Z] >>> [apiv2][(partial)header] GET https://serviceusage.googleapis.com/v1/projects/pwagram-b89fc/services/runtimeconfig.googleapis.com x-goog-quota-user=projects/pwagram-b89fc
[debug] [2024-08-08T11:53:51.553Z] >>> [apiv2][query] GET https://serviceusage.googleapis.com/v1/projects/pwagram-b89fc/services/cloudbuild.googleapis.com [none]
[debug] [2024-08-08T11:53:51.553Z] >>> [apiv2][(partial)header] GET https://serviceusage.googleapis.com/v1/projects/pwagram-b89fc/services/cloudbuild.googleapis.com x-goog-quota-user=projects/pwagram-b89fc
[debug] [2024-08-08T11:53:51.555Z] >>> [apiv2][query] GET https://serviceusage.googleapis.com/v1/projects/pwagram-b89fc/services/artifactregistry.googleapis.com [none]
[debug] [2024-08-08T11:53:51.555Z] >>> [apiv2][(partial)header] GET https://serviceusage.googleapis.com/v1/projects/pwagram-b89fc/services/artifactregistry.googleapis.com x-goog-quota-user=projects/pwagram-b89fc
[debug] [2024-08-08T11:53:58.594Z] <<< [apiv2][status] GET https://serviceusage.googleapis.com/v1/projects/pwagram-b89fc/services/runtimeconfig.googleapis.com 200
[debug] [2024-08-08T11:53:58.595Z] <<< [apiv2][body] GET https://serviceusage.googleapis.com/v1/projects/pwagram-b89fc/services/runtimeconfig.googleapis.com [omitted]
[debug] [2024-08-08T11:53:58.599Z] <<< [apiv2][status] GET https://serviceusage.googleapis.com/v1/projects/pwagram-b89fc/services/cloudfunctions.googleapis.com 200
[debug] [2024-08-08T11:53:58.600Z] <<< [apiv2][body] GET https://serviceusage.googleapis.com/v1/projects/pwagram-b89fc/services/cloudfunctions.googleapis.com [omitted]
[info] ✔  functions: required API cloudfunctions.googleapis.com is enabled 
[debug] [2024-08-08T11:54:03.658Z] <<< [apiv2][status] GET https://serviceusage.googleapis.com/v1/projects/pwagram-b89fc/services/cloudbuild.googleapis.com 200
[debug] [2024-08-08T11:54:03.659Z] <<< [apiv2][body] GET https://serviceusage.googleapis.com/v1/projects/pwagram-b89fc/services/cloudbuild.googleapis.com [omitted]
[warn] ⚠  functions: missing required API cloudbuild.googleapis.com. Enabling now... 
[debug] [2024-08-08T11:54:03.659Z] >>> [apiv2][query] POST https://serviceusage.googleapis.com/v1/projects/pwagram-b89fc/services/cloudbuild.googleapis.com:enable [none]
[debug] [2024-08-08T11:54:03.659Z] >>> [apiv2][(partial)header] POST https://serviceusage.googleapis.com/v1/projects/pwagram-b89fc/services/cloudbuild.googleapis.com:enable x-goog-quota-user=projects/pwagram-b89fc
[debug] [2024-08-08T11:54:03.750Z] <<< [apiv2][status] GET https://serviceusage.googleapis.com/v1/projects/pwagram-b89fc/services/artifactregistry.googleapis.com 200
[debug] [2024-08-08T11:54:03.750Z] <<< [apiv2][body] GET https://serviceusage.googleapis.com/v1/projects/pwagram-b89fc/services/artifactregistry.googleapis.com [omitted]
[warn] ⚠  artifactregistry: missing required API artifactregistry.googleapis.com. Enabling now... 
[debug] [2024-08-08T11:54:03.751Z] >>> [apiv2][query] POST https://serviceusage.googleapis.com/v1/projects/pwagram-b89fc/services/artifactregistry.googleapis.com:enable [none]
[debug] [2024-08-08T11:54:03.751Z] >>> [apiv2][(partial)header] POST https://serviceusage.googleapis.com/v1/projects/pwagram-b89fc/services/artifactregistry.googleapis.com:enable x-goog-quota-user=projects/pwagram-b89fc
[debug] [2024-08-08T11:54:10.676Z] <<< [apiv2][status] POST https://serviceusage.googleapis.com/v1/projects/pwagram-b89fc/services/cloudbuild.googleapis.com:enable 400
[debug] [2024-08-08T11:54:10.676Z] <<< [apiv2][body] POST https://serviceusage.googleapis.com/v1/projects/pwagram-b89fc/services/cloudbuild.googleapis.com:enable [omitted]
[debug] [2024-08-08T11:54:10.789Z] <<< [apiv2][status] POST https://serviceusage.googleapis.com/v1/projects/pwagram-b89fc/services/artifactregistry.googleapis.com:enable 400
[debug] [2024-08-08T11:54:10.789Z] <<< [apiv2][body] POST https://serviceusage.googleapis.com/v1/projects/pwagram-b89fc/services/artifactregistry.googleapis.com:enable [omitted]
[debug] [2024-08-08T11:54:15.683Z] Error: Timed out.
    at Timeout._onTimeout (/usr/lib/node_modules/firebase-tools/lib/utils.js:268:49)
    at listOnTimeout (node:internal/timers:569:17)
    at process.processTimers (node:internal/timers:512:7)
[error] 
[error] Error: An unexpected error has occurred.
